\BOOKMARK [1][-]{section.1}{Project Summary}{}% 1
\BOOKMARK [2][-]{subsection.1.1}{Scholarly funding opportunities}{section.1}% 2
\BOOKMARK [3][-]{subsubsection.1.1.1}{Funders}{subsection.1.1}% 3
\BOOKMARK [3][-]{subsubsection.1.1.2}{The value of Openness in scholarship and elsewhere}{subsection.1.1}% 4
\BOOKMARK [3][-]{subsubsection.1.1.3}{Scholars}{subsection.1.1}% 5
\BOOKMARK [2][-]{subsection.1.2}{The project}{section.1}% 6
\BOOKMARK [2][-]{subsection.1.3}{Existing works}{section.1}% 7
\BOOKMARK [1][-]{section.2}{Current Progress}{}% 8
\BOOKMARK [2][-]{subsection.2.1}{Related literature and technologies}{section.2}% 9
\BOOKMARK [3][-]{subsubsection.2.1.1}{The faceted search concept}{subsection.2.1}% 10
\BOOKMARK [3][-]{subsubsection.2.1.2}{The data representation format}{subsection.2.1}% 11
\BOOKMARK [2][-]{subsection.2.2}{Related projects and technologies}{section.2}% 12
\BOOKMARK [3][-]{subsubsection.2.2.1}{Human users}{subsection.2.2}% 13
\BOOKMARK [3][-]{subsubsection.2.2.2}{Search}{subsection.2.2}% 14
\BOOKMARK [3][-]{subsubsection.2.2.3}{Exposing the data to other software projects}{subsection.2.2}% 15
\BOOKMARK [3][-]{subsubsection.2.2.4}{Visualisation technologies}{subsection.2.2}% 16
\BOOKMARK [3][-]{subsubsection.2.2.5}{Working with the data}{subsection.2.2}% 17
\BOOKMARK [2][-]{subsection.2.3}{Understanding the technologies involved}{section.2}% 18
\BOOKMARK [3][-]{subsubsection.2.3.1}{Back-end / front-end integration}{subsection.2.3}% 19
\BOOKMARK [3][-]{subsubsection.2.3.2}{Visualisation}{subsection.2.3}% 20
\BOOKMARK [3][-]{subsubsection.2.3.3}{New functionality}{subsection.2.3}% 21
\BOOKMARK [2][-]{subsection.2.4}{System design}{section.2}% 22
\BOOKMARK [2][-]{subsection.2.5}{Customer interaction - ensuring value}{section.2}% 23
\BOOKMARK [3][-]{subsubsection.2.5.1}{Potential audience}{subsection.2.5}% 24
\BOOKMARK [3][-]{subsubsection.2.5.2}{Focusing on certain audience groups}{subsection.2.5}% 25
\BOOKMARK [3][-]{subsubsection.2.5.3}{Project constraints due to audience characteristics}{subsection.2.5}% 26
\BOOKMARK [3][-]{subsubsection.2.5.4}{Audience involvement due to audience characteristics}{subsection.2.5}% 27
\BOOKMARK [3][-]{subsubsection.2.5.5}{Measuring success}{subsection.2.5}% 28
\BOOKMARK [2][-]{subsection.2.6}{Potential issues and risks}{section.2}% 29
\BOOKMARK [3][-]{subsubsection.2.6.1}{Potential legal issues}{subsection.2.6}% 30
\BOOKMARK [3][-]{subsubsection.2.6.2}{Technical issues}{subsection.2.6}% 31
\BOOKMARK [2][-]{subsection.2.7}{Planning progress}{section.2}% 32
\BOOKMARK [3][-]{subsubsection.2.7.1}{Project management tools}{subsection.2.7}% 33
\BOOKMARK [1][-]{section.3}{Planning}{}% 34
\BOOKMARK [2][-]{subsection.3.1}{Development methodology}{section.3}% 35
\BOOKMARK [3][-]{subsubsection.3.1.1}{Considered methodologies}{subsection.3.1}% 36
\BOOKMARK [3][-]{subsubsection.3.1.2}{Chosen methodology}{subsection.3.1}% 37
\BOOKMARK [2][-]{subsection.3.2}{Current project timeline}{section.3}% 38
\BOOKMARK [3][-]{subsubsection.3.2.1}{Time budget breakdown}{subsection.3.2}% 39
\BOOKMARK [2][-]{subsection.3.3}{Demonstrating value}{section.3}% 40
\BOOKMARK [3][-]{subsubsection.3.3.1}{Mid-project demonstration}{subsection.3.3}% 41
\BOOKMARK [3][-]{subsubsection.3.3.2}{Final demonstration}{subsection.3.3}% 42
\BOOKMARK [1][-]{subsubsection.3.3.2}{Annotated Bibliography}{}% 43
